<?xml version="1.0" encoding="UTF-8"?>
<!-- Generated by org.testng.reporters.JUnitXMLReporter -->
<testsuite ignored="0" hostname="LAPTOP-FBCFMIFP" failures="1" tests="1" name="VCars" time="11.965" errors="0" timestamp="2020-06-09T11:56:24 EDT">
  <testcase classname="automationTest.VCarsTest" name="vCarTab" time="2.18">
    <failure type="java.lang.AssertionError" message="expected [FORD FUSION OR SIMILARS] but found [FORD FUSION OR SIMILAR]">
      <![CDATA[java.lang.AssertionError: expected [FORD FUSION OR SIMILARS] but found [FORD FUSION OR SIMILAR]
at automationTest.VCarsTest.vCarTab(VCarsTest.java:51)
at java.base/java.util.ArrayList.forEach(ArrayList.java:1507)
at java.base/java.util.concurrent.FutureTask.run(FutureTask.java:264)
at java.base/java.util.concurrent.ThreadPoolExecutor.runWorker(ThreadPoolExecutor.java:1128)
at java.base/java.util.concurrent.ThreadPoolExecutor$Worker.run(ThreadPoolExecutor.java:628)
at java.base/java.lang.Thread.run(Thread.java:830)
... Removed 23 stack frames]]>
    </failure>
  </testcase> <!-- vCarTab -->
</testsuite> <!-- VCars -->
