<?xml version="1.0" encoding="UTF-8"?>
<testng-results ignored="0" total="2" passed="1" failed="1" skipped="0">
  <reporter-output>
  </reporter-output>
  <suite started-at="2020-06-09T06:33:16 EDT" name="Suite" finished-at="2020-06-09T06:33:29 EDT" duration-ms="13100">
    <groups>
    </groups>
    <test started-at="2020-06-09T06:33:16 EDT" name="HomePage" finished-at="2020-06-09T06:33:26 EDT" duration-ms="10520">
      <class name="automationTest.HomePageTest">
        <test-method is-config="true" signature="browser()[pri:0, instance:automationTest.HomePageTest@3a320ade]" started-at="2020-06-09T06:33:16 EDT" name="browser" finished-at="2020-06-09T06:33:25 EDT" duration-ms="9328" status="PASS">
          <reporter-output>
          </reporter-output>
        </test-method> <!-- browser -->
        <test-method signature="homePageNaviagation()[pri:0, instance:automationTest.HomePageTest@3a320ade]" started-at="2020-06-09T06:33:25 EDT" name="homePageNaviagation" finished-at="2020-06-09T06:33:25 EDT" duration-ms="76" status="PASS">
          <reporter-output>
          </reporter-output>
        </test-method> <!-- homePageNaviagation -->
        <test-method is-config="true" signature="tearDown()[pri:0, instance:automationTest.HomePageTest@3a320ade]" started-at="2020-06-09T06:33:25 EDT" name="tearDown" finished-at="2020-06-09T06:33:26 EDT" duration-ms="1106" status="PASS">
          <reporter-output>
          </reporter-output>
        </test-method> <!-- tearDown -->
      </class> <!-- automationTest.HomePageTest -->
    </test> <!-- HomePage -->
    <test started-at="2020-06-09T06:33:16 EDT" name="VCars" finished-at="2020-06-09T06:33:29 EDT" duration-ms="13100">
      <class name="automationTest.VCarsTest">
        <test-method is-config="true" signature="BrowserSetupss()[pri:0, instance:automationTest.VCarsTest@756cf158]" started-at="2020-06-09T06:33:16 EDT" name="BrowserSetupss" finished-at="2020-06-09T06:33:26 EDT" duration-ms="9913" status="PASS">
          <reporter-output>
          </reporter-output>
        </test-method> <!-- BrowserSetupss -->
        <test-method signature="vCarTab()[pri:0, instance:automationTest.VCarsTest@756cf158]" started-at="2020-06-09T06:33:26 EDT" name="vCarTab" finished-at="2020-06-09T06:33:28 EDT" duration-ms="1985" status="FAIL">
          <exception class="java.lang.AssertionError">
            <message>
              <![CDATA[expected [FORD FUSION OR SIMILARS] but found [FORD FUSION OR SIMILAR]]]>
            </message>
            <full-stacktrace>
              <![CDATA[java.lang.AssertionError: expected [FORD FUSION OR SIMILARS] but found [FORD FUSION OR SIMILAR]
at org.testng.Assert.fail(Assert.java:97)
at org.testng.Assert.assertEqualsImpl(Assert.java:136)
at org.testng.Assert.assertEquals(Assert.java:118)
at org.testng.Assert.assertEquals(Assert.java:575)
at org.testng.Assert.assertEquals(Assert.java:585)
at automationTest.VCarsTest.vCarTab(VCarsTest.java:51)
at java.base/jdk.internal.reflect.NativeMethodAccessorImpl.invoke0(Native Method)
at java.base/jdk.internal.reflect.NativeMethodAccessorImpl.invoke(NativeMethodAccessorImpl.java:62)
at java.base/jdk.internal.reflect.DelegatingMethodAccessorImpl.invoke(DelegatingMethodAccessorImpl.java:43)
at java.base/java.lang.reflect.Method.invoke(Method.java:566)
at org.testng.internal.MethodInvocationHelper.invokeMethod(MethodInvocationHelper.java:134)
at org.testng.internal.TestInvoker.invokeMethod(TestInvoker.java:597)
at org.testng.internal.TestInvoker.invokeTestMethod(TestInvoker.java:173)
at org.testng.internal.MethodRunner.runInSequence(MethodRunner.java:46)
at org.testng.internal.TestInvoker$MethodInvocationAgent.invoke(TestInvoker.java:816)
at org.testng.internal.TestInvoker.invokeTestMethods(TestInvoker.java:146)
at org.testng.internal.TestMethodWorker.invokeTestMethods(TestMethodWorker.java:146)
at org.testng.internal.TestMethodWorker.run(TestMethodWorker.java:128)
at java.base/java.util.ArrayList.forEach(ArrayList.java:1540)
at org.testng.TestRunner.privateRun(TestRunner.java:766)
at org.testng.TestRunner.run(TestRunner.java:587)
at org.testng.SuiteRunner.runTest(SuiteRunner.java:384)
at org.testng.SuiteRunner.access$000(SuiteRunner.java:28)
at org.testng.SuiteRunner$SuiteWorker.run(SuiteRunner.java:425)
at org.testng.internal.thread.ThreadUtil.lambda$execute$0(ThreadUtil.java:68)
at java.base/java.util.concurrent.FutureTask.run(FutureTask.java:264)
at java.base/java.util.concurrent.ThreadPoolExecutor.runWorker(ThreadPoolExecutor.java:1128)
at java.base/java.util.concurrent.ThreadPoolExecutor$Worker.run(ThreadPoolExecutor.java:628)
at java.base/java.lang.Thread.run(Thread.java:834)
]]>
            </full-stacktrace>
          </exception> <!-- java.lang.AssertionError -->
          <reporter-output>
          </reporter-output>
        </test-method> <!-- vCarTab -->
        <test-method is-config="true" signature="tearDown()[pri:0, instance:automationTest.VCarsTest@756cf158]" started-at="2020-06-09T06:33:28 EDT" name="tearDown" finished-at="2020-06-09T06:33:29 EDT" duration-ms="1044" status="PASS">
          <reporter-output>
          </reporter-output>
        </test-method> <!-- tearDown -->
      </class> <!-- automationTest.VCarsTest -->
    </test> <!-- VCars -->
  </suite> <!-- Suite -->
</testng-results>
