<?xml version="1.0" encoding="UTF-8"?>
<testng-results ignored="0" total="4" passed="3" failed="1" skipped="0">
  <reporter-output>
  </reporter-output>
  <suite started-at="2020-06-09T11:56:12 EDT" name="Suite" finished-at="2020-06-09T11:56:37 EDT" duration-ms="24739">
    <groups>
    </groups>
    <test started-at="2020-06-09T11:56:12 EDT" name="HomePage" finished-at="2020-06-09T11:56:22 EDT" duration-ms="9744">
      <class name="automationTest.HomePageTest">
        <test-method is-config="true" signature="browser()[pri:0, instance:automationTest.HomePageTest@54a67a45]" started-at="2020-06-09T11:56:12 EDT" name="browser" finished-at="2020-06-09T11:56:21 EDT" duration-ms="8706" status="PASS">
          <reporter-output>
          </reporter-output>
        </test-method> <!-- browser -->
        <test-method signature="homePageNaviagation()[pri:0, instance:automationTest.HomePageTest@54a67a45]" started-at="2020-06-09T11:56:21 EDT" name="homePageNaviagation" finished-at="2020-06-09T11:56:21 EDT" duration-ms="329" status="PASS">
          <reporter-output>
          </reporter-output>
        </test-method> <!-- homePageNaviagation -->
        <test-method is-config="true" signature="tearDown()[pri:0, instance:automationTest.HomePageTest@54a67a45]" started-at="2020-06-09T11:56:21 EDT" name="tearDown" finished-at="2020-06-09T11:56:22 EDT" duration-ms="694" status="PASS">
          <reporter-output>
          </reporter-output>
        </test-method> <!-- tearDown -->
      </class> <!-- automationTest.HomePageTest -->
    </test> <!-- HomePage -->
    <test started-at="2020-06-09T11:56:12 EDT" name="VCars" finished-at="2020-06-09T11:56:24 EDT" duration-ms="11965">
      <class name="automationTest.VCarsTest">
        <test-method is-config="true" signature="BrowserSetupss()[pri:0, instance:automationTest.VCarsTest@70efb718]" started-at="2020-06-09T11:56:12 EDT" name="BrowserSetupss" finished-at="2020-06-09T11:56:21 EDT" duration-ms="8455" status="PASS">
          <reporter-output>
          </reporter-output>
        </test-method> <!-- BrowserSetupss -->
        <test-method signature="vCarTab()[pri:0, instance:automationTest.VCarsTest@70efb718]" started-at="2020-06-09T11:56:21 EDT" name="vCarTab" finished-at="2020-06-09T11:56:23 EDT" duration-ms="2180" status="FAIL">
          <exception class="java.lang.AssertionError">
            <message>
              <![CDATA[expected [FORD FUSION OR SIMILARS] but found [FORD FUSION OR SIMILAR]]]>
            </message>
            <full-stacktrace>
              <![CDATA[java.lang.AssertionError: expected [FORD FUSION OR SIMILARS] but found [FORD FUSION OR SIMILAR]
at org.testng.Assert.fail(Assert.java:97)
at org.testng.Assert.assertEqualsImpl(Assert.java:136)
at org.testng.Assert.assertEquals(Assert.java:118)
at org.testng.Assert.assertEquals(Assert.java:575)
at org.testng.Assert.assertEquals(Assert.java:585)
at automationTest.VCarsTest.vCarTab(VCarsTest.java:51)
at java.base/jdk.internal.reflect.NativeMethodAccessorImpl.invoke0(Native Method)
at java.base/jdk.internal.reflect.NativeMethodAccessorImpl.invoke(NativeMethodAccessorImpl.java:62)
at java.base/jdk.internal.reflect.DelegatingMethodAccessorImpl.invoke(DelegatingMethodAccessorImpl.java:43)
at java.base/java.lang.reflect.Method.invoke(Method.java:567)
at org.testng.internal.MethodInvocationHelper.invokeMethod(MethodInvocationHelper.java:135)
at org.testng.internal.TestInvoker.invokeMethod(TestInvoker.java:598)
at org.testng.internal.TestInvoker.invokeTestMethod(TestInvoker.java:174)
at org.testng.internal.MethodRunner.runInSequence(MethodRunner.java:46)
at org.testng.internal.TestInvoker$MethodInvocationAgent.invoke(TestInvoker.java:821)
at org.testng.internal.TestInvoker.invokeTestMethods(TestInvoker.java:147)
at org.testng.internal.TestMethodWorker.invokeTestMethods(TestMethodWorker.java:146)
at org.testng.internal.TestMethodWorker.run(TestMethodWorker.java:128)
at java.base/java.util.ArrayList.forEach(ArrayList.java:1507)
at org.testng.TestRunner.privateRun(TestRunner.java:767)
at org.testng.TestRunner.run(TestRunner.java:588)
at org.testng.SuiteRunner.runTest(SuiteRunner.java:384)
at org.testng.SuiteRunner.access$000(SuiteRunner.java:28)
at org.testng.SuiteRunner$SuiteWorker.run(SuiteRunner.java:425)
at org.testng.internal.thread.ThreadUtil.lambda$execute$0(ThreadUtil.java:68)
at java.base/java.util.concurrent.FutureTask.run(FutureTask.java:264)
at java.base/java.util.concurrent.ThreadPoolExecutor.runWorker(ThreadPoolExecutor.java:1128)
at java.base/java.util.concurrent.ThreadPoolExecutor$Worker.run(ThreadPoolExecutor.java:628)
at java.base/java.lang.Thread.run(Thread.java:830)
]]>
            </full-stacktrace>
          </exception> <!-- java.lang.AssertionError -->
          <reporter-output>
          </reporter-output>
        </test-method> <!-- vCarTab -->
        <test-method is-config="true" signature="tearDown()[pri:0, instance:automationTest.VCarsTest@70efb718]" started-at="2020-06-09T11:56:23 EDT" name="tearDown" finished-at="2020-06-09T11:56:24 EDT" duration-ms="722" status="PASS">
          <reporter-output>
          </reporter-output>
        </test-method> <!-- tearDown -->
      </class> <!-- automationTest.VCarsTest -->
    </test> <!-- VCars -->
    <test started-at="2020-06-09T11:56:12 EDT" name="VTrucks" finished-at="2020-06-09T11:56:25 EDT" duration-ms="13033">
      <class name="automationTest.VTruckTest">
        <test-method is-config="true" signature="BrowserSetups()[pri:0, instance:automationTest.VTruckTest@56c698e3]" started-at="2020-06-09T11:56:12 EDT" name="BrowserSetups" finished-at="2020-06-09T11:56:23 EDT" duration-ms="11050" status="PASS">
          <reporter-output>
          </reporter-output>
        </test-method> <!-- BrowserSetups -->
        <test-method signature="vTruckTab()[pri:0, instance:automationTest.VTruckTest@56c698e3]" started-at="2020-06-09T11:56:23 EDT" name="vTruckTab" finished-at="2020-06-09T11:56:25 EDT" duration-ms="1368" status="PASS">
          <reporter-output>
          </reporter-output>
        </test-method> <!-- vTruckTab -->
        <test-method is-config="true" signature="tearDown()[pri:0, instance:automationTest.VTruckTest@56c698e3]" started-at="2020-06-09T11:56:25 EDT" name="tearDown" finished-at="2020-06-09T11:56:25 EDT" duration-ms="608" status="PASS">
          <reporter-output>
          </reporter-output>
        </test-method> <!-- tearDown -->
      </class> <!-- automationTest.VTruckTest -->
    </test> <!-- VTrucks -->
    <test started-at="2020-06-09T11:56:12 EDT" name="ResPage" finished-at="2020-06-09T11:56:37 EDT" duration-ms="24739">
      <class name="automationTest.ReservationCentreTest">
        <test-method is-config="true" signature="BrowserSetup()[pri:0, instance:automationTest.ReservationCentreTest@1a45193b]" started-at="2020-06-09T11:56:12 EDT" name="BrowserSetup" finished-at="2020-06-09T11:56:18 EDT" duration-ms="5958" status="PASS">
          <reporter-output>
          </reporter-output>
        </test-method> <!-- BrowserSetup -->
        <test-method signature="reservation(java.lang.String, java.lang.String, java.lang.String, java.lang.String, java.lang.String, java.lang.String, java.lang.String, java.lang.String)[pri:0, instance:automationTest.ReservationCentreTest@1a45193b]" started-at="2020-06-09T11:56:18 EDT" name="reservation" data-provider="getData" finished-at="2020-06-09T11:56:36 EDT" duration-ms="18154" status="PASS">
          <params>
            <param index="0">
              <value>
                <![CDATA[ee]]>
              </value>
            </param>
            <param index="1">
              <value>
                <![CDATA[ee]]>
              </value>
            </param>
            <param index="2">
              <value>
                <![CDATA[sdds@f.com]]>
              </value>
            </param>
            <param index="3">
              <value>
                <![CDATA[sdds@f.com]]>
              </value>
            </param>
            <param index="4">
              <value>
                <![CDATA[1234]]>
              </value>
            </param>
            <param index="5">
              <value>
                <![CDATA[1234]]>
              </value>
            </param>
            <param index="6">
              <value>
                <![CDATA[ee]]>
              </value>
            </param>
            <param index="7">
              <value>
                <![CDATA[4111111111111111]]>
              </value>
            </param>
          </params>
          <reporter-output>
          </reporter-output>
        </test-method> <!-- reservation -->
        <test-method is-config="true" signature="tearDown()[pri:0, instance:automationTest.ReservationCentreTest@1a45193b]" started-at="2020-06-09T11:56:36 EDT" name="tearDown" finished-at="2020-06-09T11:56:37 EDT" duration-ms="599" status="PASS">
          <reporter-output>
          </reporter-output>
        </test-method> <!-- tearDown -->
      </class> <!-- automationTest.ReservationCentreTest -->
    </test> <!-- ResPage -->
  </suite> <!-- Suite -->
</testng-results>
